#
# A fatal error has been detected by the Java Runtime Environment:
#
#  EXCEPTION_ACCESS_VIOLATION (0xc0000005) at pc=0x00007ffb2fe0380d, pid=12040, tid=20428
#
# JRE version: Java(TM) SE Runtime Environment (21.0.1+12) (build 21.0.1+12-LTS-29)
# Java VM: Java HotSpot(TM) 64-Bit Server VM (21.0.1+12-LTS-29, mixed mode, sharing, tiered, compressed oops, compressed class ptrs, g1 gc, windows-amd64)
# Problematic frame:
# V  [jvm.dll+0x38380d]
#
# No core dump will be written. Minidumps are not enabled by default on client versions of Windows
#
# If you would like to submit a bug report, please visit:
#   https://bugreport.java.com/bugreport/crash.jsp
#

---------------  S U M M A R Y ------------

Command Line: -javaagent:C:\Users\ROBERTO-SN850\eclipse\java-2024-032\eclipse\configuration\org.eclipse.osgi\483\0\.cp\jacocoagent.jar=includes=*,excludes=,exclclassloader=sun.reflect.DelegatingClassLoader,output=tcpclient,port=56767 -ea -Dfile.encoding=UTF-8 -Dstdout.encoding=UTF-8 -Dstderr.encoding=UTF-8 -XX:+ShowCodeDetailsInExceptionMessages org.eclipse.jdt.internal.junit.runner.RemoteTestRunner -version 3 -port 56768 -testLoaderClass org.eclipse.jdt.internal.junit5.runner.JUnit5TestLoader -loaderpluginname org.eclipse.jdt.junit5.runtime -classNames cursoED.semana12.SplayTreeTest

Host: Intel(R) Core(TM) i7-9700K CPU @ 3.60GHz, 8 cores, 15G,  Windows 10 , 64 bit Build 19041 (10.0.19041.3636)
Time: Sun Jun 16 17:23:25 2024 Hora est. Pacífico, Sudamérica elapsed time: 0.451684 seconds (0d 0h 0m 0s)

---------------  T H R E A D  ---------------

Current thread (0x00000258481aab00):  JavaThread "C2 CompilerThread1" daemon [_thread_in_native, id=20428, stack(0x000000db3ad00000,0x000000db3ae00000) (1024K)]


Current CompileTask:
C2:    451 1066       4       org.jacoco.agent.rt.internal_4742761.asm.ClassReader::readCode (5117 bytes)

Stack: [0x000000db3ad00000,0x000000db3ae00000],  sp=0x000000db3adfca00,  free space=1010k
Native frames: (J=compiled Java code, j=interpreted, Vv=VM code, C=native code)
V  [jvm.dll+0x38380d]
V  [jvm.dll+0x384996]
V  [jvm.dll+0x38227a]
V  [jvm.dll+0x3818ea]
V  [jvm.dll+0x249ad0]
V  [jvm.dll+0x2490b1]
V  [jvm.dll+0x1c9ca1]
V  [jvm.dll+0x2586b9]
V  [jvm.dll+0x256c9a]
V  [jvm.dll+0x3ef1b6]
V  [jvm.dll+0x7fd728]
V  [jvm.dll+0x6c777d]
C  [ucrtbase.dll+0x21bb2]
C  [KERNEL32.DLL+0x17344]
C  [ntdll.dll+0x4cc91]


siginfo: EXCEPTION_ACCESS_VIOLATION (0xc0000005), reading address 0x0000000000000028


Registers:
RAX=0x000000000000000c, RBX=0x0000000000000000, RCX=0x000002588f5f6a60, RDX=0x00000000000008d1
RSP=0x000000db3adfca00, RBP=0x0000000000000187, RSI=0x0000000000000000, RDI=0x0000000000000003
R8 =0x000000db3adfcb48, R9 =0x000002588e33b478, R10=0x000002588e33b480, R11=0x0000000000000000
R12=0x000002588ece0200, R13=0x000000db3adfcf70, R14=0x000002588ece0288, R15=0x000000db3adfca60
RIP=0x00007ffb2fe0380d, EFLAGS=0x0000000000010206


Register to memory mapping:

RAX=0x000000000000000c is an unknown value
RBX=0x0 is null
RCX=0x000002588f5f6a60 points into unknown readable memory: 0x000002588efe15d0 | d0 15 fe 8e 58 02 00 00
RDX=0x00000000000008d1 is an unknown value
RSP=0x000000db3adfca00 is pointing into the stack for thread: 0x00000258481aab00
RBP=0x0000000000000187 is an unknown value
RSI=0x0 is null
RDI=0x0000000000000003 is an unknown value
R8 =0x000000db3adfcb48 is pointing into the stack for thread: 0x00000258481aab00
R9 =0x000002588e33b478 points into unknown readable memory: 0x000002588ed1fc80 | 80 fc d1 8e 58 02 00 00
R10=0x000002588e33b480 points into unknown readable memory: 0x000002588ecdfc98 | 98 fc cd 8e 58 02 00 00
R11=0x0 is null
R12=0x000002588ece0200 points into unknown readable memory: 0x000002588ece01c0 | c0 01 ce 8e 58 02 00 00
R13=0x000000db3adfcf70 is pointing into the stack for thread: 0x00000258481aab00
R14=0x000002588ece0288 points into unknown readable memory: 0x00007ffb304106f8 | f8 06 41 30 fb 7f 00 00
R15=0x000000db3adfca60 is pointing into the stack for thread: 0x00000258481aab00

Top of Stack: (sp=0x000000db3adfca00)
0x000000db3adfca00:   000000db3adfcf70 000002588ecdfc98
0x000000db3adfca10:   000002588f5f6a60 000002588ecdfc98
0x000000db3adfca20:   000002588f2ce6e8 000002588ecdfc98
0x000000db3adfca30:   000002588f5f6a60 00007ffb2fe04996
0x000000db3adfca40:   000002588e2c1550 000002588ecdfdb8
0x000000db3adfca50:   000002588f2ce7a0 000002588ecdfd00
0x000000db3adfca60:   000000db3adfcb48 000000db3adfcb28
0x000000db3adfca70:   000000db3adfcf70 000002588e1034c0
0x000000db3adfca80:   0000000000000000 000002588e1e97d8
0x000000db3adfca90:   000000db3adfcf70 0000000000002d23
0x000000db3adfcaa0:   000000db3adfcbb0 00007ffb2fe0227a
0x000000db3adfcab0:   000002588e1e2800 000002588e1034c0
0x000000db3adfcac0:   00000258483ea6f0 000002588e1034c0
0x000000db3adfcad0:   0000000126e40000 0000025826e40000
0x000000db3adfcae0:   0000000000001c33 0000000000000000
0x000000db3adfcaf0:   00000000000003ff 000000000000059e
0x000000db3adfcb00:   0000000300000000 00007ffbdbf71c4e
0x000000db3adfcb10:   0000000000010101 000002588f4aefc0
0x000000db3adfcb20:   0000000000001c33 000002588f384440
0x000000db3adfcb30:   000002588f391880 000002588f3843a0
0x000000db3adfcb40:   000002588e1034c0 00007ffb00000200
0x000000db3adfcb50:   000002588e2896b0 0000000000000200
0x000000db3adfcb60:   000002588e1034c0 000002588e1e17f0
0x000000db3adfcb70:   00000000001e5000 0000000000000000
0x000000db3adfcb80:   0000000000000000 0000000000000000
0x000000db3adfcb90:   0000000000000010 0000000000004fcc
0x000000db3adfcba0:   000002588e1034c0 00007ffb2fe052fa
0x000000db3adfcbb0:   000000db3adfcc88 0000000000000000
0x000000db3adfcbc0:   0000000000000000 0000000000000158
0x000000db3adfcbd0:   3fe5bccbba1f2f00 0000000000000000
0x000000db3adfcbe0:   0000000000000005 000002588e0f8118
0x000000db3adfcbf0:   000002588e0f6cc8 00007ffb2fe013a4 

Instructions: (pc=0x00007ffb2fe0380d)
0x00007ffb2fe0370d:   48 8b 6c 24 48 48 8b 74 24 50 48 83 c4 20 41 5f
0x00007ffb2fe0371d:   41 5e 5f e9 1b 18 00 00 cc cc cc cc cc cc cc cc
0x00007ffb2fe0372d:   cc cc cc 41 57 48 83 ec 30 48 8b 51 08 4c 8b f9
0x00007ffb2fe0373d:   4c 8b 02 49 8b c0 48 2b 42 10 48 83 c0 10 48 c1
0x00007ffb2fe0374d:   e8 04 85 c0 75 09 33 c0 48 83 c4 30 41 5f c3 48
0x00007ffb2fe0375d:   89 5c 24 40 49 8d 40 f0 48 89 6c 24 48 48 89 74
0x00007ffb2fe0376d:   24 50 48 89 7c 24 58 4c 89 64 24 28 4d 8b 20 4c
0x00007ffb2fe0377d:   89 74 24 20 4d 8b f4 49 83 e6 fe 41 80 e4 01 41
0x00007ffb2fe0378d:   8b 7e 20 41 39 78 08 41 0f 42 78 08 48 89 02 0f
0x00007ffb2fe0379d:   1f 40 00 41 8b 76 28 8b de 49 8b 2f c1 eb 05 3b
0x00007ffb2fe037ad:   5d 00 72 0a 8b d3 48 8b cd e8 f5 97 4b 00 48 8b
0x00007ffb2fe037bd:   45 08 83 e6 1f 48 8d 14 98 8b 04 98 0f ab f0 89
0x00007ffb2fe037cd:   02 41 8b 46 2c 24 0f 3c 08 75 09 49 8b 46 08 48
0x00007ffb2fe037dd:   8b 08 eb 03 49 8b ce 49 8b 47 10 33 f6 8b 51 28
0x00007ffb2fe037ed:   48 8b 48 78 48 8b 04 d1 8b 68 68 85 ff 0f 84 b2
0x00007ffb2fe037fd:   00 00 00 49 8b 5e 10 ff cf 4d 8b 07 48 8b 1c fb
0x00007ffb2fe0380d:   8b 4b 28 8b c1 c1 e8 05 41 3b 00 73 11 8b d0 83
0x00007ffb2fe0381d:   e1 1f 49 8b 40 08 8b 04 90 0f a3 c8 72 47 8b 43
0x00007ffb2fe0382d:   2c 24 0f 3c 08 75 09 48 8b 43 08 4c 8b 00 eb 03
0x00007ffb2fe0383d:   4c 8b c3 49 8b 47 10 41 8b 50 28 48 8b 48 78 48
0x00007ffb2fe0384d:   8b 04 d1 39 68 68 72 1d 75 0b 41 8b 40 2c 83 e0
0x00007ffb2fe0385d:   0f 3c 0c 74 10 48 8b cb 48 8b f3 e8 d3 33 32 00
0x00007ffb2fe0386d:   41 3a c4 74 04 85 ff 75 8a 48 85 f6 74 37 49 8b
0x00007ffb2fe0387d:   5f 08 48 83 03 10 48 8b 03 48 3b 43 08 72 08 48
0x00007ffb2fe0388d:   8b cb e8 3c 24 32 00 48 8b 0b 41 0f b6 c4 49 0b
0x00007ffb2fe0389d:   c6 4c 8b f6 45 32 e4 48 89 01 89 79 08 8b 7e 20
0x00007ffb2fe038ad:   e9 ee fe ff ff 45 84 e4 75 0c 41 8b 7e 20 41 b4
0x00007ffb2fe038bd:   01 e9 dd fe ff ff 4c 8b 64 24 28 49 8b c6 4c 8b
0x00007ffb2fe038cd:   74 24 20 48 8b 7c 24 58 48 8b 74 24 50 48 8b 6c
0x00007ffb2fe038dd:   24 48 48 8b 5c 24 40 48 83 c4 30 41 5f c3 cc cc
0x00007ffb2fe038ed:   cc cc cc 48 89 5c 24 08 48 89 74 24 10 48 89 7c
0x00007ffb2fe038fd:   24 18 41 56 48 83 ec 20 8b 59 28 48 8b f9 ff cb 


Stack slot to memory mapping:

stack at sp + 0 slots: 0x000000db3adfcf70 is pointing into the stack for thread: 0x00000258481aab00
stack at sp + 1 slots: 0x000002588ecdfc98 points into unknown readable memory: 0x00007ffb3039f5e8 | e8 f5 39 30 fb 7f 00 00
stack at sp + 2 slots: 0x000002588f5f6a60 points into unknown readable memory: 0x000002588efe15d0 | d0 15 fe 8e 58 02 00 00
stack at sp + 3 slots: 0x000002588ecdfc98 points into unknown readable memory: 0x00007ffb3039f5e8 | e8 f5 39 30 fb 7f 00 00
stack at sp + 4 slots: 0x000002588f2ce6e8 points into unknown readable memory: 0x00007ffb303ce3b8 | b8 e3 3c 30 fb 7f 00 00
stack at sp + 5 slots: 0x000002588ecdfc98 points into unknown readable memory: 0x00007ffb3039f5e8 | e8 f5 39 30 fb 7f 00 00
stack at sp + 6 slots: 0x000002588f5f6a60 points into unknown readable memory: 0x000002588efe15d0 | d0 15 fe 8e 58 02 00 00
stack at sp + 7 slots: 0x00007ffb2fe04996 jvm.dll


---------------  P R O C E S S  ---------------

Threads class SMR info:
_java_thread_list=0x000002588edc83c0, length=15, elements={
0x0000025828ffeda0, 0x00000258481710e0, 0x0000025848172000, 0x0000025848177030,
0x000002584817a4c0, 0x000002584817ab50, 0x0000025848177d60, 0x00000258481a6b90,
0x00000258481abf70, 0x000002584817b1e0, 0x00000258481783f0, 0x0000025848178a80,
0x00000258481aab00, 0x0000025848179110, 0x00000258481acd10
}

Java Threads: ( => current thread )
  0x0000025828ffeda0 JavaThread "main"                              [_thread_in_vm, id=4584, stack(0x000000db39a00000,0x000000db39b00000) (1024K)]
  0x00000258481710e0 JavaThread "Reference Handler"          daemon [_thread_blocked, id=1988, stack(0x000000db3a200000,0x000000db3a300000) (1024K)]
  0x0000025848172000 JavaThread "Finalizer"                  daemon [_thread_blocked, id=15520, stack(0x000000db3a300000,0x000000db3a400000) (1024K)]
  0x0000025848177030 JavaThread "Signal Dispatcher"          daemon [_thread_blocked, id=2832, stack(0x000000db3a400000,0x000000db3a500000) (1024K)]
  0x000002584817a4c0 JavaThread "Attach Listener"            daemon [_thread_blocked, id=22764, stack(0x000000db3a500000,0x000000db3a600000) (1024K)]
  0x000002584817ab50 JavaThread "Service Thread"             daemon [_thread_blocked, id=6884, stack(0x000000db3a600000,0x000000db3a700000) (1024K)]
  0x0000025848177d60 JavaThread "Monitor Deflation Thread"   daemon [_thread_blocked, id=15860, stack(0x000000db3a700000,0x000000db3a800000) (1024K)]
  0x00000258481a6b90 JavaThread "C2 CompilerThread0"         daemon [_thread_blocked, id=1908, stack(0x000000db3a800000,0x000000db3a900000) (1024K)]
  0x00000258481abf70 JavaThread "C1 CompilerThread0"         daemon [_thread_blocked, id=23176, stack(0x000000db3a900000,0x000000db3aa00000) (1024K)]
  0x000002584817b1e0 JavaThread "Common-Cleaner"             daemon [_thread_blocked, id=5552, stack(0x000000db3aa00000,0x000000db3ab00000) (1024K)]
  0x00000258481783f0 JavaThread "org.jacoco.agent.rt.internal_4742761.output.TcpClientOutput" daemon [_thread_in_native, id=23348, stack(0x000000db3ab00000,0x000000db3ac00000) (1024K)]
  0x0000025848178a80 JavaThread "Notification Thread"        daemon [_thread_blocked, id=22644, stack(0x000000db3ac00000,0x000000db3ad00000) (1024K)]
=>0x00000258481aab00 JavaThread "C2 CompilerThread1"         daemon [_thread_in_native, id=20428, stack(0x000000db3ad00000,0x000000db3ae00000) (1024K)]
  0x0000025848179110 JavaThread "ReaderThread"                      [_thread_in_native, id=12176, stack(0x000000db3ae00000,0x000000db3af00000) (1024K)]
  0x00000258481acd10 JavaThread "C2 CompilerThread2"         daemon [_thread_blocked, id=3148, stack(0x000000db3b400000,0x000000db3b500000) (1024K)]
Total: 15

Other Threads:
  0x0000025848152f10 VMThread "VM Thread"                           [id=20136, stack(0x000000db3a100000,0x000000db3a200000) (1024K)]
  0x0000025848139c80 WatcherThread "VM Periodic Task Thread"        [id=10580, stack(0x000000db3a000000,0x000000db3a100000) (1024K)]
  0x00000258290669f0 WorkerThread "GC Thread#0"                     [id=15820, stack(0x000000db39b00000,0x000000db39c00000) (1024K)]
  0x000002588ec39920 WorkerThread "GC Thread#1"                     [id=3320, stack(0x000000db3af00000,0x000000db3b000000) (1024K)]
  0x000002588ec39cc0 WorkerThread "GC Thread#2"                     [id=23088, stack(0x000000db3b000000,0x000000db3b100000) (1024K)]
  0x000002588ec3a6e0 WorkerThread "GC Thread#3"                     [id=22620, stack(0x000000db3b100000,0x000000db3b200000) (1024K)]
  0x000002588ec3aa80 WorkerThread "GC Thread#4"                     [id=17748, stack(0x000000db3b200000,0x000000db3b300000) (1024K)]
  0x000002588ec3ae20 WorkerThread "GC Thread#5"                     [id=23076, stack(0x000000db3b300000,0x000000db3b400000) (1024K)]
  0x0000025829074a30 ConcurrentGCThread "G1 Main Marker"            [id=20284, stack(0x000000db39c00000,0x000000db39d00000) (1024K)]
  0x0000025826f3e5a0 WorkerThread "G1 Conc#0"                       [id=19764, stack(0x000000db39d00000,0x000000db39e00000) (1024K)]
  0x0000025847ffb520 ConcurrentGCThread "G1 Refine#0"               [id=23400, stack(0x000000db39e00000,0x000000db39f00000) (1024K)]
  0x00000258290ce190 ConcurrentGCThread "G1 Service"                [id=16800, stack(0x000000db39f00000,0x000000db3a000000) (1024K)]
Total: 12

Threads with active compile tasks:
C2 CompilerThread1      470 1066       4       org.jacoco.agent.rt.internal_4742761.asm.ClassReader::readCode (5117 bytes)
Total: 1

VM state: not at safepoint (normal execution)

VM Mutex/Monitor currently owned by a thread: None

Heap address: 0x0000000701400000, size: 4076 MB, Compressed Oops mode: Zero based, Oop shift amount: 3

CDS archive(s) mapped at: [0x0000025849000000-0x0000025849c90000-0x0000025849c90000), size 13172736, SharedBaseAddress: 0x0000025849000000, ArchiveRelocationMode: 1.
Compressed class space mapped at: 0x000002584a000000-0x000002588a000000, reserved size: 1073741824
Narrow klass base: 0x0000025849000000, Narrow klass shift: 0, Narrow klass range: 0x100000000

GC Precious Log:
 CardTable entry size: 512
 Card Set container configuration: InlinePtr #cards 4 size 8 Array Of Cards #cards 16 size 48 Howl #buckets 8 coarsen threshold 3686 Howl Bitmap #cards 512 size 80 coarsen threshold 460 Card regions per heap region 1 cards per card region 4096
 CPUs: 8 total, 8 available
 Memory: 16299M
 Large Page Support: Disabled
 NUMA Support: Disabled
 Compressed Oops: Enabled (Zero based)
 Heap Region Size: 2M
 Heap Min Capacity: 8M
 Heap Initial Capacity: 256M
 Heap Max Capacity: 4076M
 Pre-touch: Disabled
 Parallel Workers: 8
 Concurrent Workers: 2
 Concurrent Refinement Workers: 8
 Periodic GC: Disabled

Heap:
 garbage-first heap   total 262144K, used 16313K [0x0000000701400000, 0x0000000800000000)
  region size 2048K, 9 young (18432K), 1 survivors (2048K)
 Metaspace       used 5352K, committed 5568K, reserved 1114112K
  class space    used 570K, committed 640K, reserved 1048576K

Heap Regions: E=young(eden), S=young(survivor), O=old, HS=humongous(starts), HC=humongous(continues), CS=collection set, F=free, TAMS=top-at-mark-start, PB=parsable bottom
|   0|0x0000000701400000, 0x0000000701400000, 0x0000000701600000|  0%| F|  |TAMS 0x0000000701400000| PB 0x0000000701400000| Untracked 
|   1|0x0000000701600000, 0x0000000701600000, 0x0000000701800000|  0%| F|  |TAMS 0x0000000701600000| PB 0x0000000701600000| Untracked 
|   2|0x0000000701800000, 0x0000000701800000, 0x0000000701a00000|  0%| F|  |TAMS 0x0000000701800000| PB 0x0000000701800000| Untracked 
|   3|0x0000000701a00000, 0x0000000701a00000, 0x0000000701c00000|  0%| F|  |TAMS 0x0000000701a00000| PB 0x0000000701a00000| Untracked 
|   4|0x0000000701c00000, 0x0000000701c00000, 0x0000000701e00000|  0%| F|  |TAMS 0x0000000701c00000| PB 0x0000000701c00000| Untracked 
|   5|0x0000000701e00000, 0x0000000701e00000, 0x0000000702000000|  0%| F|  |TAMS 0x0000000701e00000| PB 0x0000000701e00000| Untracked 
|   6|0x0000000702000000, 0x0000000702000000, 0x0000000702200000|  0%| F|  |TAMS 0x0000000702000000| PB 0x0000000702000000| Untracked 
|   7|0x0000000702200000, 0x0000000702200000, 0x0000000702400000|  0%| F|  |TAMS 0x0000000702200000| PB 0x0000000702200000| Untracked 
|   8|0x0000000702400000, 0x0000000702400000, 0x0000000702600000|  0%| F|  |TAMS 0x0000000702400000| PB 0x0000000702400000| Untracked 
|   9|0x0000000702600000, 0x0000000702600000, 0x0000000702800000|  0%| F|  |TAMS 0x0000000702600000| PB 0x0000000702600000| Untracked 
|  10|0x0000000702800000, 0x0000000702800000, 0x0000000702a00000|  0%| F|  |TAMS 0x0000000702800000| PB 0x0000000702800000| Untracked 
|  11|0x0000000702a00000, 0x0000000702a00000, 0x0000000702c00000|  0%| F|  |TAMS 0x0000000702a00000| PB 0x0000000702a00000| Untracked 
|  12|0x0000000702c00000, 0x0000000702c00000, 0x0000000702e00000|  0%| F|  |TAMS 0x0000000702c00000| PB 0x0000000702c00000| Untracked 
|  13|0x0000000702e00000, 0x0000000702e00000, 0x0000000703000000|  0%| F|  |TAMS 0x0000000702e00000| PB 0x0000000702e00000| Untracked 
|  14|0x0000000703000000, 0x0000000703000000, 0x0000000703200000|  0%| F|  |TAMS 0x0000000703000000| PB 0x0000000703000000| Untracked 
|  15|0x0000000703200000, 0x0000000703200000, 0x0000000703400000|  0%| F|  |TAMS 0x0000000703200000| PB 0x0000000703200000| Untracked 
|  16|0x0000000703400000, 0x0000000703400000, 0x0000000703600000|  0%| F|  |TAMS 0x0000000703400000| PB 0x0000000703400000| Untracked 
|  17|0x0000000703600000, 0x0000000703600000, 0x0000000703800000|  0%| F|  |TAMS 0x0000000703600000| PB 0x0000000703600000| Untracked 
|  18|0x0000000703800000, 0x0000000703800000, 0x0000000703a00000|  0%| F|  |TAMS 0x0000000703800000| PB 0x0000000703800000| Untracked 
|  19|0x0000000703a00000, 0x0000000703a00000, 0x0000000703c00000|  0%| F|  |TAMS 0x0000000703a00000| PB 0x0000000703a00000| Untracked 
|  20|0x0000000703c00000, 0x0000000703c00000, 0x0000000703e00000|  0%| F|  |TAMS 0x0000000703c00000| PB 0x0000000703c00000| Untracked 
|  21|0x0000000703e00000, 0x0000000703e00000, 0x0000000704000000|  0%| F|  |TAMS 0x0000000703e00000| PB 0x0000000703e00000| Untracked 
|  22|0x0000000704000000, 0x0000000704000000, 0x0000000704200000|  0%| F|  |TAMS 0x0000000704000000| PB 0x0000000704000000| Untracked 
|  23|0x0000000704200000, 0x0000000704200000, 0x0000000704400000|  0%| F|  |TAMS 0x0000000704200000| PB 0x0000000704200000| Untracked 
|  24|0x0000000704400000, 0x0000000704400000, 0x0000000704600000|  0%| F|  |TAMS 0x0000000704400000| PB 0x0000000704400000| Untracked 
|  25|0x0000000704600000, 0x0000000704600000, 0x0000000704800000|  0%| F|  |TAMS 0x0000000704600000| PB 0x0000000704600000| Untracked 
|  26|0x0000000704800000, 0x0000000704800000, 0x0000000704a00000|  0%| F|  |TAMS 0x0000000704800000| PB 0x0000000704800000| Untracked 
|  27|0x0000000704a00000, 0x0000000704a00000, 0x0000000704c00000|  0%| F|  |TAMS 0x0000000704a00000| PB 0x0000000704a00000| Untracked 
|  28|0x0000000704c00000, 0x0000000704c00000, 0x0000000704e00000|  0%| F|  |TAMS 0x0000000704c00000| PB 0x0000000704c00000| Untracked 
|  29|0x0000000704e00000, 0x0000000704e00000, 0x0000000705000000|  0%| F|  |TAMS 0x0000000704e00000| PB 0x0000000704e00000| Untracked 
|  30|0x0000000705000000, 0x0000000705000000, 0x0000000705200000|  0%| F|  |TAMS 0x0000000705000000| PB 0x0000000705000000| Untracked 
|  31|0x0000000705200000, 0x0000000705200000, 0x0000000705400000|  0%| F|  |TAMS 0x0000000705200000| PB 0x0000000705200000| Untracked 
|  32|0x0000000705400000, 0x0000000705400000, 0x0000000705600000|  0%| F|  |TAMS 0x0000000705400000| PB 0x0000000705400000| Untracked 
|  33|0x0000000705600000, 0x0000000705600000, 0x0000000705800000|  0%| F|  |TAMS 0x0000000705600000| PB 0x0000000705600000| Untracked 
|  34|0x0000000705800000, 0x0000000705800000, 0x0000000705a00000|  0%| F|  |TAMS 0x0000000705800000| PB 0x0000000705800000| Untracked 
|  35|0x0000000705a00000, 0x0000000705a00000, 0x0000000705c00000|  0%| F|  |TAMS 0x0000000705a00000| PB 0x0000000705a00000| Untracked 
|  36|0x0000000705c00000, 0x0000000705c00000, 0x0000000705e00000|  0%| F|  |TAMS 0x0000000705c00000| PB 0x0000000705c00000| Untracked 
|  37|0x0000000705e00000, 0x0000000705e00000, 0x0000000706000000|  0%| F|  |TAMS 0x0000000705e00000| PB 0x0000000705e00000| Untracked 
|  38|0x0000000706000000, 0x0000000706000000, 0x0000000706200000|  0%| F|  |TAMS 0x0000000706000000| PB 0x0000000706000000| Untracked 
|  39|0x0000000706200000, 0x0000000706200000, 0x0000000706400000|  0%| F|  |TAMS 0x0000000706200000| PB 0x0000000706200000| Untracked 
|  40|0x0000000706400000, 0x0000000706400000, 0x0000000706600000|  0%| F|  |TAMS 0x0000000706400000| PB 0x0000000706400000| Untracked 
|  41|0x0000000706600000, 0x0000000706600000, 0x0000000706800000|  0%| F|  |TAMS 0x0000000706600000| PB 0x0000000706600000| Untracked 
|  42|0x0000000706800000, 0x0000000706800000, 0x0000000706a00000|  0%| F|  |TAMS 0x0000000706800000| PB 0x0000000706800000| Untracked 
|  43|0x0000000706a00000, 0x0000000706a00000, 0x0000000706c00000|  0%| F|  |TAMS 0x0000000706a00000| PB 0x0000000706a00000| Untracked 
|  44|0x0000000706c00000, 0x0000000706c00000, 0x0000000706e00000|  0%| F|  |TAMS 0x0000000706c00000| PB 0x0000000706c00000| Untracked 
|  45|0x0000000706e00000, 0x0000000706e00000, 0x0000000707000000|  0%| F|  |TAMS 0x0000000706e00000| PB 0x0000000706e00000| Untracked 
|  46|0x0000000707000000, 0x0000000707000000, 0x0000000707200000|  0%| F|  |TAMS 0x0000000707000000| PB 0x0000000707000000| Untracked 
|  47|0x0000000707200000, 0x0000000707200000, 0x0000000707400000|  0%| F|  |TAMS 0x0000000707200000| PB 0x0000000707200000| Untracked 
|  48|0x0000000707400000, 0x0000000707400000, 0x0000000707600000|  0%| F|  |TAMS 0x0000000707400000| PB 0x0000000707400000| Untracked 
|  49|0x0000000707600000, 0x0000000707600000, 0x0000000707800000|  0%| F|  |TAMS 0x0000000707600000| PB 0x0000000707600000| Untracked 
|  50|0x0000000707800000, 0x0000000707800000, 0x0000000707a00000|  0%| F|  |TAMS 0x0000000707800000| PB 0x0000000707800000| Untracked 
|  51|0x0000000707a00000, 0x0000000707a00000, 0x0000000707c00000|  0%| F|  |TAMS 0x0000000707a00000| PB 0x0000000707a00000| Untracked 
|  52|0x0000000707c00000, 0x0000000707c00000, 0x0000000707e00000|  0%| F|  |TAMS 0x0000000707c00000| PB 0x0000000707c00000| Untracked 
|  53|0x0000000707e00000, 0x0000000707e00000, 0x0000000708000000|  0%| F|  |TAMS 0x0000000707e00000| PB 0x0000000707e00000| Untracked 
|  54|0x0000000708000000, 0x0000000708000000, 0x0000000708200000|  0%| F|  |TAMS 0x0000000708000000| PB 0x0000000708000000| Untracked 
|  55|0x0000000708200000, 0x0000000708200000, 0x0000000708400000|  0%| F|  |TAMS 0x0000000708200000| PB 0x0000000708200000| Untracked 
|  56|0x0000000708400000, 0x0000000708400000, 0x0000000708600000|  0%| F|  |TAMS 0x0000000708400000| PB 0x0000000708400000| Untracked 
|  57|0x0000000708600000, 0x0000000708600000, 0x0000000708800000|  0%| F|  |TAMS 0x0000000708600000| PB 0x0000000708600000| Untracked 
|  58|0x0000000708800000, 0x0000000708800000, 0x0000000708a00000|  0%| F|  |TAMS 0x0000000708800000| PB 0x0000000708800000| Untracked 
|  59|0x0000000708a00000, 0x0000000708a00000, 0x0000000708c00000|  0%| F|  |TAMS 0x0000000708a00000| PB 0x0000000708a00000| Untracked 
|  60|0x0000000708c00000, 0x0000000708c00000, 0x0000000708e00000|  0%| F|  |TAMS 0x0000000708c00000| PB 0x0000000708c00000| Untracked 
|  61|0x0000000708e00000, 0x0000000708e00000, 0x0000000709000000|  0%| F|  |TAMS 0x0000000708e00000| PB 0x0000000708e00000| Untracked 
|  62|0x0000000709000000, 0x0000000709000000, 0x0000000709200000|  0%| F|  |TAMS 0x0000000709000000| PB 0x0000000709000000| Untracked 
|  63|0x0000000709200000, 0x0000000709200000, 0x0000000709400000|  0%| F|  |TAMS 0x0000000709200000| PB 0x0000000709200000| Untracked 
|  64|0x0000000709400000, 0x0000000709400000, 0x0000000709600000|  0%| F|  |TAMS 0x0000000709400000| PB 0x0000000709400000| Untracked 
|  65|0x0000000709600000, 0x0000000709600000, 0x0000000709800000|  0%| F|  |TAMS 0x0000000709600000| PB 0x0000000709600000| Untracked 
|  66|0x0000000709800000, 0x0000000709800000, 0x0000000709a00000|  0%| F|  |TAMS 0x0000000709800000| PB 0x0000000709800000| Untracked 
|  67|0x0000000709a00000, 0x0000000709a00000, 0x0000000709c00000|  0%| F|  |TAMS 0x0000000709a00000| PB 0x0000000709a00000| Untracked 
|  68|0x0000000709c00000, 0x0000000709c00000, 0x0000000709e00000|  0%| F|  |TAMS 0x0000000709c00000| PB 0x0000000709c00000| Untracked 
|  69|0x0000000709e00000, 0x0000000709e00000, 0x000000070a000000|  0%| F|  |TAMS 0x0000000709e00000| PB 0x0000000709e00000| Untracked 
|  70|0x000000070a000000, 0x000000070a000000, 0x000000070a200000|  0%| F|  |TAMS 0x000000070a000000| PB 0x000000070a000000| Untracked 
|  71|0x000000070a200000, 0x000000070a200000, 0x000000070a400000|  0%| F|  |TAMS 0x000000070a200000| PB 0x000000070a200000| Untracked 
|  72|0x000000070a400000, 0x000000070a400000, 0x000000070a600000|  0%| F|  |TAMS 0x000000070a400000| PB 0x000000070a400000| Untracked 
|  73|0x000000070a600000, 0x000000070a600000, 0x000000070a800000|  0%| F|  |TAMS 0x000000070a600000| PB 0x000000070a600000| Untracked 
|  74|0x000000070a800000, 0x000000070a800000, 0x000000070aa00000|  0%| F|  |TAMS 0x000000070a800000| PB 0x000000070a800000| Untracked 
|  75|0x000000070aa00000, 0x000000070aa00000, 0x000000070ac00000|  0%| F|  |TAMS 0x000000070aa00000| PB 0x000000070aa00000| Untracked 
|  76|0x000000070ac00000, 0x000000070ac00000, 0x000000070ae00000|  0%| F|  |TAMS 0x000000070ac00000| PB 0x000000070ac00000| Untracked 
|  77|0x000000070ae00000, 0x000000070ae00000, 0x000000070b000000|  0%| F|  |TAMS 0x000000070ae00000| PB 0x000000070ae00000| Untracked 
|  78|0x000000070b000000, 0x000000070b000000, 0x000000070b200000|  0%| F|  |TAMS 0x000000070b000000| PB 0x000000070b000000| Untracked 
|  79|0x000000070b200000, 0x000000070b200000, 0x000000070b400000|  0%| F|  |TAMS 0x000000070b200000| PB 0x000000070b200000| Untracked 
|  80|0x000000070b400000, 0x000000070b400000, 0x000000070b600000|  0%| F|  |TAMS 0x000000070b400000| PB 0x000000070b400000| Untracked 
|  81|0x000000070b600000, 0x000000070b600000, 0x000000070b800000|  0%| F|  |TAMS 0x000000070b600000| PB 0x000000070b600000| Untracked 
|  82|0x000000070b800000, 0x000000070b800000, 0x000000070ba00000|  0%| F|  |TAMS 0x000000070b800000| PB 0x000000070b800000| Untracked 
|  83|0x000000070ba00000, 0x000000070ba00000, 0x000000070bc00000|  0%| F|  |TAMS 0x000000070ba00000| PB 0x000000070ba00000| Untracked 
|  84|0x000000070bc00000, 0x000000070bc00000, 0x000000070be00000|  0%| F|  |TAMS 0x000000070bc00000| PB 0x000000070bc00000| Untracked 
|  85|0x000000070be00000, 0x000000070be00000, 0x000000070c000000|  0%| F|  |TAMS 0x000000070be00000| PB 0x000000070be00000| Untracked 
|  86|0x000000070c000000, 0x000000070c000000, 0x000000070c200000|  0%| F|  |TAMS 0x000000070c000000| PB 0x000000070c000000| Untracked 
|  87|0x000000070c200000, 0x000000070c200000, 0x000000070c400000|  0%| F|  |TAMS 0x000000070c200000| PB 0x000000070c200000| Untracked 
|  88|0x000000070c400000, 0x000000070c400000, 0x000000070c600000|  0%| F|  |TAMS 0x000000070c400000| PB 0x000000070c400000| Untracked 
|  89|0x000000070c600000, 0x000000070c600000, 0x000000070c800000|  0%| F|  |TAMS 0x000000070c600000| PB 0x000000070c600000| Untracked 
|  90|0x000000070c800000, 0x000000070c800000, 0x000000070ca00000|  0%| F|  |TAMS 0x000000070c800000| PB 0x000000070c800000| Untracked 
|  91|0x000000070ca00000, 0x000000070ca00000, 0x000000070cc00000|  0%| F|  |TAMS 0x000000070ca00000| PB 0x000000070ca00000| Untracked 
|  92|0x000000070cc00000, 0x000000070cc00000, 0x000000070ce00000|  0%| F|  |TAMS 0x000000070cc00000| PB 0x000000070cc00000| Untracked 
|  93|0x000000070ce00000, 0x000000070ce00000, 0x000000070d000000|  0%| F|  |TAMS 0x000000070ce00000| PB 0x000000070ce00000| Untracked 
|  94|0x000000070d000000, 0x000000070d000000, 0x000000070d200000|  0%| F|  |TAMS 0x000000070d000000| PB 0x000000070d000000| Untracked 
|  95|0x000000070d200000, 0x000000070d200000, 0x000000070d400000|  0%| F|  |TAMS 0x000000070d200000| PB 0x000000070d200000| Untracked 
|  96|0x000000070d400000, 0x000000070d400000, 0x000000070d600000|  0%| F|  |TAMS 0x000000070d400000| PB 0x000000070d400000| Untracked 
|  97|0x000000070d600000, 0x000000070d600000, 0x000000070d800000|  0%| F|  |TAMS 0x000000070d600000| PB 0x000000070d600000| Untracked 
|  98|0x000000070d800000, 0x000000070d800000, 0x000000070da00000|  0%| F|  |TAMS 0x000000070d800000| PB 0x000000070d800000| Untracked 
|  99|0x000000070da00000, 0x000000070da00000, 0x000000070dc00000|  0%| F|  |TAMS 0x000000070da00000| PB 0x000000070da00000| Untracked 
| 100|0x000000070dc00000, 0x000000070dc00000, 0x000000070de00000|  0%| F|  |TAMS 0x000000070dc00000| PB 0x000000070dc00000| Untracked 
| 101|0x000000070de00000, 0x000000070de00000, 0x000000070e000000|  0%| F|  |TAMS 0x000000070de00000| PB 0x000000070de00000| Untracked 
| 102|0x000000070e000000, 0x000000070e000000, 0x000000070e200000|  0%| F|  |TAMS 0x000000070e000000| PB 0x000000070e000000| Untracked 
| 103|0x000000070e200000, 0x000000070e200000, 0x000000070e400000|  0%| F|  |TAMS 0x000000070e200000| PB 0x000000070e200000| Untracked 
| 104|0x000000070e400000, 0x000000070e400000, 0x000000070e600000|  0%| F|  |TAMS 0x000000070e400000| PB 0x000000070e400000| Untracked 
| 105|0x000000070e600000, 0x000000070e600000, 0x000000070e800000|  0%| F|  |TAMS 0x000000070e600000| PB 0x000000070e600000| Untracked 
| 106|0x000000070e800000, 0x000000070e800000, 0x000000070ea00000|  0%| F|  |TAMS 0x000000070e800000| PB 0x000000070e800000| Untracked 
| 107|0x000000070ea00000, 0x000000070ea00000, 0x000000070ec00000|  0%| F|  |TAMS 0x000000070ea00000| PB 0x000000070ea00000| Untracked 
| 108|0x000000070ec00000, 0x000000070ec00000, 0x000000070ee00000|  0%| F|  |TAMS 0x000000070ec00000| PB 0x000000070ec00000| Untracked 
| 109|0x000000070ee00000, 0x000000070ee00000, 0x000000070f000000|  0%| F|  |TAMS 0x000000070ee00000| PB 0x000000070ee00000| Untracked 
| 110|0x000000070f000000, 0x000000070f000000, 0x000000070f200000|  0%| F|  |TAMS 0x000000070f000000| PB 0x000000070f000000| Untracked 
| 111|0x000000070f200000, 0x000000070f200000, 0x000000070f400000|  0%| F|  |TAMS 0x000000070f200000| PB 0x000000070f200000| Untracked 
| 112|0x000000070f400000, 0x000000070f400000, 0x000000070f600000|  0%| F|  |TAMS 0x000000070f400000| PB 0x000000070f400000| Untracked 
| 113|0x000000070f600000, 0x000000070f600000, 0x000000070f800000|  0%| F|  |TAMS 0x000000070f600000| PB 0x000000070f600000| Untracked 
| 114|0x000000070f800000, 0x000000070f800000, 0x000000070fa00000|  0%| F|  |TAMS 0x000000070f800000| PB 0x000000070f800000| Untracked 
| 115|0x000000070fa00000, 0x000000070fa00000, 0x000000070fc00000|  0%| F|  |TAMS 0x000000070fa00000| PB 0x000000070fa00000| Untracked 
| 116|0x000000070fc00000, 0x000000070fdee728, 0x000000070fe00000| 96%| S|CS|TAMS 0x000000070fc00000| PB 0x000000070fc00000| Complete 
| 117|0x000000070fe00000, 0x000000070fe00000, 0x0000000710000000|  0%| F|  |TAMS 0x000000070fe00000| PB 0x000000070fe00000| Untracked 
| 118|0x0000000710000000, 0x0000000710000000, 0x0000000710200000|  0%| F|  |TAMS 0x0000000710000000| PB 0x0000000710000000| Untracked 
| 119|0x0000000710200000, 0x0000000710200000, 0x0000000710400000|  0%| F|  |TAMS 0x0000000710200000| PB 0x0000000710200000| Untracked 
| 120|0x0000000710400000, 0x0000000710600000, 0x0000000710600000|100%| E|  |TAMS 0x0000000710400000| PB 0x0000000710400000| Complete 
| 121|0x0000000710600000, 0x0000000710800000, 0x0000000710800000|100%| E|CS|TAMS 0x0000000710600000| PB 0x0000000710600000| Complete 
| 122|0x0000000710800000, 0x0000000710a00000, 0x0000000710a00000|100%| E|CS|TAMS 0x0000000710800000| PB 0x0000000710800000| Complete 
| 123|0x0000000710a00000, 0x0000000710c00000, 0x0000000710c00000|100%| E|CS|TAMS 0x0000000710a00000| PB 0x0000000710a00000| Complete 
| 124|0x0000000710c00000, 0x0000000710e00000, 0x0000000710e00000|100%| E|CS|TAMS 0x0000000710c00000| PB 0x0000000710c00000| Complete 
| 125|0x0000000710e00000, 0x0000000711000000, 0x0000000711000000|100%| E|CS|TAMS 0x0000000710e00000| PB 0x0000000710e00000| Complete 
| 126|0x0000000711000000, 0x0000000711200000, 0x0000000711200000|100%| E|CS|TAMS 0x0000000711000000| PB 0x0000000711000000| Complete 
| 127|0x0000000711200000, 0x0000000711400000, 0x0000000711400000|100%| E|CS|TAMS 0x0000000711200000| PB 0x0000000711200000| Complete 

Card table byte_map: [0x0000025840f90000,0x0000025841790000] _byte_map_base: 0x000002583d786000

Marking Bits: (CMBitMap*) 0x0000025829067900
 Bits: [0x0000025841790000, 0x0000025845740000)

Polling page: 0x0000025826df0000

Metaspace:

Usage:
  Non-class:      4.67 MB used.
      Class:    570.91 KB used.
       Both:      5.23 MB used.

Virtual space:
  Non-class space:       64.00 MB reserved,       4.81 MB (  8%) committed,  1 nodes.
      Class space:        1.00 GB reserved,     640.00 KB ( <1%) committed,  1 nodes.
             Both:        1.06 GB reserved,       5.44 MB ( <1%) committed. 

Chunk freelists:
   Non-Class:  9.61 MB
       Class:  15.38 MB
        Both:  24.99 MB

MaxMetaspaceSize: unlimited
CompressedClassSpaceSize: 1.00 GB
Initial GC threshold: 21.00 MB
Current GC threshold: 21.00 MB
CDS: on
 - commit_granule_bytes: 65536.
 - commit_granule_words: 8192.
 - virtual_space_node_default_size: 8388608.
 - enlarge_chunks_in_place: 1.
 - use_allocation_guard: 0.


Internal statistics:

num_allocs_failed_limit: 0.
num_arena_births: 114.
num_arena_deaths: 0.
num_vsnodes_births: 2.
num_vsnodes_deaths: 0.
num_space_committed: 87.
num_space_uncommitted: 0.
num_chunks_returned_to_freelist: 0.
num_chunks_taken_from_freelist: 271.
num_chunk_merges: 0.
num_chunk_splits: 168.
num_chunks_enlarged: 114.
num_inconsistent_stats: 0.

CodeHeap 'non-profiled nmethods': size=120000Kb used=553Kb max_used=553Kb free=119446Kb
 bounds [0x0000025838f30000, 0x00000258391a0000, 0x0000025840460000]
CodeHeap 'profiled nmethods': size=120000Kb used=3262Kb max_used=3262Kb free=116737Kb
 bounds [0x0000025831460000, 0x0000025831790000, 0x0000025838990000]
CodeHeap 'non-nmethods': size=5760Kb used=1367Kb max_used=1386Kb free=4393Kb
 bounds [0x0000025838990000, 0x0000025838c00000, 0x0000025838f30000]
 total_blobs=1961 nmethods=1494 adapters=371
 compilation: enabled
              stopped_count=0, restarted_count=0
 full_count=0

Compilation events (20 events):
Event: 0.442 Thread 0x00000258481a6b90 nmethod 1430 0x0000025838fac810 code [0x0000025838fac9a0, 0x0000025838facd28]
Event: 0.443 Thread 0x00000258481a6b90 1413       4       java.lang.StringBuilder::toString (9 bytes)
Event: 0.443 Thread 0x00000258481abf70 nmethod 1432 0x000002583176bf90 code [0x000002583176c1a0, 0x000002583176cb60]
Event: 0.443 Thread 0x00000258481abf70 1433       3       jdk.internal.loader.BuiltinClassLoader::defineClass (121 bytes)
Event: 0.443 Thread 0x00000258481abf70 nmethod 1433 0x000002583176cd90 code [0x000002583176d0c0, 0x000002583176e420]
Event: 0.444 Thread 0x00000258481abf70 1435       3       java.util.jar.JarFile::getVersionedEntry (133 bytes)
Event: 0.444 Thread 0x00000258481abf70 nmethod 1435 0x000002583176e990 code [0x000002583176ec60, 0x000002583176fa38]
Event: 0.444 Thread 0x00000258481abf70 1436       3       java.lang.invoke.MethodHandleNatives::refKindHasReceiver (33 bytes)
Event: 0.444 Thread 0x00000258481abf70 nmethod 1436 0x0000025831770010 code [0x00000258317701a0, 0x0000025831770300]
Event: 0.445 Thread 0x00000258481a6b90 nmethod 1413 0x0000025838facd90 code [0x0000025838facf40, 0x0000025838fad550]
Event: 0.445 Thread 0x00000258481abf70 1437       3       java.lang.ClassLoader::loadClass (7 bytes)
Event: 0.445 Thread 0x00000258481a6b90 1434       4       org.jacoco.agent.rt.internal_4742761.asm.SymbolTable::put (150 bytes)
Event: 0.445 Thread 0x00000258481abf70 nmethod 1437 0x0000025831770390 code [0x0000025831770540, 0x0000025831770718]
Event: 0.446 Thread 0x00000258481abf70 1438       3       java.util.Collections$SetFromMap::add (22 bytes)
Event: 0.446 Thread 0x00000258481abf70 nmethod 1438 0x0000025831770790 code [0x0000025831770940, 0x0000025831770b80]
Event: 0.446 Thread 0x00000258481abf70 1440   !   3       sun.instrument.TransformerManager::transform (100 bytes)
Event: 0.447 Thread 0x00000258481abf70 nmethod 1440 0x0000025831770c90 code [0x0000025831770e60, 0x0000025831771320]
Event: 0.447 Thread 0x00000258481abf70 1439       3       sun.instrument.InstrumentationImpl::transform (73 bytes)
Event: 0.447 Thread 0x00000258481abf70 nmethod 1439 0x0000025831771590 code [0x0000025831771760, 0x0000025831771b20]
Event: 0.447 Thread 0x00000258481abf70 1441       3       java.lang.instrument.ClassFileTransformer::transform (15 bytes)

GC Heap History (2 events):
Event: 0.333 GC heap before
{Heap before GC invocations=0 (full 0):
 garbage-first heap   total 262144K, used 22528K [0x0000000701400000, 0x0000000800000000)
  region size 2048K, 11 young (22528K), 0 survivors (0K)
 Metaspace       used 3830K, committed 4032K, reserved 1114112K
  class space    used 376K, committed 448K, reserved 1048576K
}
Event: 0.335 GC heap after
{Heap after GC invocations=1 (full 0):
 garbage-first heap   total 262144K, used 1977K [0x0000000701400000, 0x0000000800000000)
  region size 2048K, 1 young (2048K), 1 survivors (2048K)
 Metaspace       used 3830K, committed 4032K, reserved 1114112K
  class space    used 376K, committed 448K, reserved 1048576K
}

Dll operation events (10 events):
Event: 0.004 Loaded shared library C:\Program Files\Java\jdk-21\bin\java.dll
Event: 0.024 Loaded shared library C:\Program Files\Java\jdk-21\bin\jsvml.dll
Event: 0.052 Loaded shared library C:\Program Files\Java\jdk-21\bin\zip.dll
Event: 0.054 Loaded shared library C:\Program Files\Java\jdk-21\bin\instrument.dll
Event: 0.057 Loaded shared library C:\Program Files\Java\jdk-21\bin\net.dll
Event: 0.058 Loaded shared library C:\Program Files\Java\jdk-21\bin\nio.dll
Event: 0.060 Loaded shared library C:\Program Files\Java\jdk-21\bin\zip.dll
Event: 0.072 Loaded shared library C:\Program Files\Java\jdk-21\bin\verify.dll
Event: 0.089 Loaded shared library C:\Program Files\Java\jdk-21\bin\jimage.dll
Event: 0.102 Loaded shared library C:\Program Files\Java\jdk-21\bin\extnet.dll

Deoptimization events (20 events):
Event: 0.197 Thread 0x0000025828ffeda0 DEOPT PACKING pc=0x00000258314b444e sp=0x000000db39afa080
Event: 0.197 Thread 0x0000025828ffeda0 DEOPT UNPACKING pc=0x00000258389e4e42 sp=0x000000db39af94f8 mode 0
Event: 0.239 Thread 0x0000025828ffeda0 DEOPT PACKING pc=0x00000258315b2c4e sp=0x000000db39afc6c0
Event: 0.239 Thread 0x0000025828ffeda0 DEOPT UNPACKING pc=0x00000258389e4e42 sp=0x000000db39afbb70 mode 0
Event: 0.242 Thread 0x0000025828ffeda0 DEOPT PACKING pc=0x00000258315b2c4e sp=0x000000db39afc170
Event: 0.242 Thread 0x0000025828ffeda0 DEOPT UNPACKING pc=0x00000258389e4e42 sp=0x000000db39afb620 mode 0
Event: 0.335 Thread 0x0000025828ffeda0 Uncommon trap: trap_request=0xffffff45 fr.pc=0x0000025838f7b314 relative=0x0000000000002fd4
Event: 0.335 Thread 0x0000025828ffeda0 Uncommon trap: reason=unstable_if action=reinterpret pc=0x0000025838f7b314 method=org.jacoco.agent.rt.internal_4742761.asm.commons.AnalyzerAdapter.execute(IILjava/lang/String;)V @ 39 c2
Event: 0.335 Thread 0x0000025828ffeda0 DEOPT PACKING pc=0x0000025838f7b314 sp=0x000000db39afb5b0
Event: 0.335 Thread 0x0000025828ffeda0 DEOPT UNPACKING pc=0x00000258389e46a2 sp=0x000000db39afb560 mode 2
Event: 0.360 Thread 0x0000025828ffeda0 Uncommon trap: trap_request=0xffffff45 fr.pc=0x0000025838f3df3c relative=0x0000000000000adc
Event: 0.360 Thread 0x0000025828ffeda0 Uncommon trap: reason=unstable_if action=reinterpret pc=0x0000025838f3df3c method=java.util.HashMap.putVal(ILjava/lang/Object;Ljava/lang/Object;ZZ)Ljava/lang/Object; @ 181 c2
Event: 0.360 Thread 0x0000025828ffeda0 DEOPT PACKING pc=0x0000025838f3df3c sp=0x000000db39afd1d0
Event: 0.360 Thread 0x0000025828ffeda0 DEOPT UNPACKING pc=0x00000258389e46a2 sp=0x000000db39afd190 mode 2
Event: 0.367 Thread 0x0000025828ffeda0 DEOPT PACKING pc=0x00000258314d3bc9 sp=0x000000db39af9890
Event: 0.367 Thread 0x0000025828ffeda0 DEOPT UNPACKING pc=0x00000258389e4e42 sp=0x000000db39af8d98 mode 0
Event: 0.387 Thread 0x0000025828ffeda0 DEOPT PACKING pc=0x0000025831641ac2 sp=0x000000db39afa4c0
Event: 0.387 Thread 0x0000025828ffeda0 DEOPT UNPACKING pc=0x00000258389e4e42 sp=0x000000db39af99c8 mode 0
Event: 0.420 Thread 0x0000025828ffeda0 DEOPT PACKING pc=0x00000258316143d7 sp=0x000000db39af9440
Event: 0.420 Thread 0x0000025828ffeda0 DEOPT UNPACKING pc=0x00000258389e4e42 sp=0x000000db39af88b0 mode 0

Classes loaded (20 events):
Event: 0.404 Loading class java/util/stream/DistinctOps
Event: 0.404 Loading class java/util/stream/DistinctOps done
Event: 0.404 Loading class java/util/stream/DistinctOps$1
Event: 0.404 Loading class java/util/stream/DistinctOps$1 done
Event: 0.405 Loading class java/util/stream/DistinctOps$1$2
Event: 0.405 Loading class java/util/stream/DistinctOps$1$2 done
Event: 0.408 Loading class java/util/stream/Streams$ConcatSpliterator$OfRef
Event: 0.408 Loading class java/util/stream/Streams$ConcatSpliterator
Event: 0.408 Loading class java/util/stream/Streams$ConcatSpliterator done
Event: 0.408 Loading class java/util/stream/Streams$ConcatSpliterator$OfRef done
Event: 0.408 Loading class java/util/stream/StreamSpliterators$WrappingSpliterator
Event: 0.408 Loading class java/util/stream/StreamSpliterators$AbstractWrappingSpliterator
Event: 0.408 Loading class java/util/stream/StreamSpliterators$AbstractWrappingSpliterator done
Event: 0.408 Loading class java/util/stream/StreamSpliterators$WrappingSpliterator done
Event: 0.408 Loading class java/util/stream/Streams$2
Event: 0.408 Loading class java/util/stream/Streams$2 done
Event: 0.409 Loading class java/util/stream/StreamSpliterators
Event: 0.409 Loading class java/util/stream/StreamSpliterators done
Event: 0.416 Loading class java/util/Arrays$ArrayItr
Event: 0.416 Loading class java/util/Arrays$ArrayItr done

Classes unloaded (0 events):
No events

Classes redefined (0 events):
No events

Internal exceptions (20 events):
Event: 0.120 Thread 0x0000025828ffeda0 Exception <a 'java/lang/NoSuchMethodError'{0x0000000710eeb7c8}: 'void java.lang.invoke.DirectMethodHandle$Holder.invokeStatic(java.lang.Object, java.lang.Object, java.lang.Object, java.lang.Object)'> (0x0000000710eeb7c8) 
thrown [s\open\src\hotspot\share\interpreter\linkResolver.cpp, line 773]
Event: 0.147 Thread 0x0000025828ffeda0 Exception <a 'java/lang/NoSuchMethodError'{0x0000000710ff1d30}: 'void java.lang.invoke.DirectMethodHandle$Holder.invokeSpecial(java.lang.Object, java.lang.Object, java.lang.Object)'> (0x0000000710ff1d30) 
thrown [s\open\src\hotspot\share\interpreter\linkResolver.cpp, line 773]
Event: 0.147 Thread 0x0000025828ffeda0 Exception <a 'java/lang/NoSuchMethodError'{0x0000000710ff4d70}: 'void java.lang.invoke.Invokers$Holder.invokeExact_MT(java.lang.Object, java.lang.Object, java.lang.Object)'> (0x0000000710ff4d70) 
thrown [s\open\src\hotspot\share\interpreter\linkResolver.cpp, line 773]
Event: 0.270 Thread 0x0000025828ffeda0 Exception <a 'java/lang/NoSuchMethodError'{0x00000007104c18f8}: 'java.lang.Object java.lang.invoke.DirectMethodHandle$Holder.invokeVirtual(java.lang.Object, java.lang.Object, java.lang.Object)'> (0x00000007104c18f8) 
thrown [s\open\src\hotspot\share\interpreter\linkResolver.cpp, line 773]
Event: 0.303 Thread 0x0000025828ffeda0 Exception <a 'java/lang/NoSuchMethodError'{0x0000000710087760}: 'int java.lang.invoke.DirectMethodHandle$Holder.invokeVirtual(java.lang.Object, java.lang.Object)'> (0x0000000710087760) 
thrown [s\open\src\hotspot\share\interpreter\linkResolver.cpp, line 773]
Event: 0.306 Thread 0x0000025828ffeda0 Exception <a 'java/lang/NoSuchMethodError'{0x00000007100db828}: 'java.lang.Object java.lang.invoke.DirectMethodHandle$Holder.invokeStaticInit(java.lang.Object, int)'> (0x00000007100db828) 
thrown [s\open\src\hotspot\share\interpreter\linkResolver.cpp, line 773]
Event: 0.342 Thread 0x0000025828ffeda0 Exception <a 'java/lang/NoSuchMethodError'{0x0000000711392968}: 'void java.lang.invoke.DirectMethodHandle$Holder.invokeInterface(java.lang.Object, java.lang.Object)'> (0x0000000711392968) 
thrown [s\open\src\hotspot\share\interpreter\linkResolver.cpp, line 773]
Event: 0.342 Thread 0x0000025828ffeda0 Exception <a 'java/lang/IncompatibleClassChangeError'{0x0000000711395c18}: Found class java.lang.Object, but interface was expected> (0x0000000711395c18) 
thrown [s\open\src\hotspot\share\interpreter\linkResolver.cpp, line 840]
Event: 0.359 Thread 0x0000025828ffeda0 Exception <a 'java/lang/NoSuchMethodError'{0x0000000710efdec8}: 'java.lang.Object java.lang.invoke.DirectMethodHandle$Holder.invokeStaticInit(java.lang.Object, java.lang.Object, java.lang.Object)'> (0x0000000710efdec8) 
thrown [s\open\src\hotspot\share\interpreter\linkResolver.cpp, line 773]
Event: 0.360 Thread 0x0000025828ffeda0 Exception <a 'java/lang/NoSuchMethodError'{0x0000000710f04920}: 'void java.lang.invoke.DirectMethodHandle$Holder.invokeStaticInit(java.lang.Object, java.lang.Object, java.lang.Object)'> (0x0000000710f04920) 
thrown [s\open\src\hotspot\share\interpreter\linkResolver.cpp, line 773]
Event: 0.365 Thread 0x0000025828ffeda0 Exception <a 'java/lang/NoSuchMethodError'{0x0000000710fb6f80}: 'java.lang.Object java.lang.invoke.DirectMethodHandle$Holder.newInvokeSpecial(java.lang.Object, java.lang.Object, java.lang.Object, java.lang.Object, java.lang.Object)'> (0x0000000710fb6f80) 
thrown [s\open\src\hotspot\share\interpreter\linkResolver.cpp, line 773]
Event: 0.390 Thread 0x0000025828ffeda0 Exception <a 'java/lang/NoSuchMethodError'{0x0000000710ae7418}: 'java.lang.Object java.lang.invoke.DirectMethodHandle$Holder.invokeInterface(java.lang.Object, java.lang.Object)'> (0x0000000710ae7418) 
thrown [s\open\src\hotspot\share\interpreter\linkResolver.cpp, line 773]
Event: 0.397 Thread 0x0000025828ffeda0 Exception <a 'java/lang/NoSuchMethodError'{0x0000000710b42640}: 'java.lang.Object java.lang.invoke.DirectMethodHandle$Holder.invokeSpecialIFC(java.lang.Object, java.lang.Object, java.lang.Object, java.lang.Object)'> (0x0000000710b42640) 
thrown [s\open\src\hotspot\share\interpreter\linkResolver.cpp, line 773]
Event: 0.400 Thread 0x0000025828ffeda0 Exception <a 'java/lang/NoSuchMethodError'{0x0000000710b637b0}: 'java.lang.Object java.lang.invoke.DirectMethodHandle$Holder.invokeInterface(java.lang.Object, java.lang.Object, java.lang.Object)'> (0x0000000710b637b0) 
thrown [s\open\src\hotspot\share\interpreter\linkResolver.cpp, line 773]
Event: 0.409 Thread 0x0000025828ffeda0 Exception <a 'java/lang/NoSuchMethodError'{0x0000000710837c80}: 'void java.lang.invoke.DirectMethodHandle$Holder.invokeInterface(java.lang.Object, java.lang.Object, java.lang.Object)'> (0x0000000710837c80) 
thrown [s\open\src\hotspot\share\interpreter\linkResolver.cpp, line 773]
Event: 0.416 Thread 0x0000025828ffeda0 Exception <a 'java/lang/NoSuchMethodError'{0x0000000710935140}: 'java.lang.Object java.lang.invoke.DirectMethodHandle$Holder.newInvokeSpecial(java.lang.Object, java.lang.Object, java.lang.Object, java.lang.Object, java.lang.Object, java.lang.Object)'> (0x0000000710935140) 
thrown [s\open\src\hotspot\share\interpreter\linkResolver.cpp, line 773]
Event: 0.422 Thread 0x0000025828ffeda0 Exception <a 'java/lang/NoSuchMethodError'{0x0000000710636378}: 'void java.lang.invoke.DirectMethodHandle$Holder.invokeInterface(java.lang.Object, java.lang.Object, java.lang.Object, java.lang.Object, java.lang.Object)'> (0x0000000710636378) 
thrown [s\open\src\hotspot\share\interpreter\linkResolver.cpp, line 773]
Event: 0.422 Thread 0x0000025828ffeda0 Exception <a 'java/lang/IncompatibleClassChangeError'{0x000000071063a018}: Found class java.lang.Object, but interface was expected> (0x000000071063a018) 
thrown [s\open\src\hotspot\share\interpreter\linkResolver.cpp, line 840]
Event: 0.432 Thread 0x0000025828ffeda0 Exception <a 'java/lang/IncompatibleClassChangeError'{0x00000007106cbea0}: Found class java.lang.Object, but interface was expected> (0x00000007106cbea0) 
thrown [s\open\src\hotspot\share\interpreter\linkResolver.cpp, line 840]
Event: 0.441 Thread 0x0000025828ffeda0 Exception <a 'java/lang/NoSuchMethodError'{0x0000000710782fc8}: 'void java.lang.invoke.DirectMethodHandle$Holder.invokeSpecial(java.lang.Object, java.lang.Object, java.lang.Object, java.lang.Object, java.lang.Object)'> (0x0000000710782fc8) 
thrown [s\open\src\hotspot\share\interpreter\linkResolver.cpp, line 773]

ZGC Phase Switch (0 events):
No events

VM Operations (10 events):
Event: 0.044 Executing VM operation: HandshakeAllThreads (Deoptimize)
Event: 0.044 Executing VM operation: HandshakeAllThreads (Deoptimize) done
Event: 0.124 Executing VM operation: HandshakeAllThreads (Deoptimize)
Event: 0.124 Executing VM operation: HandshakeAllThreads (Deoptimize) done
Event: 0.249 Executing VM operation: ICBufferFull
Event: 0.249 Executing VM operation: ICBufferFull done
Event: 0.333 Executing VM operation: G1CollectForAllocation (G1 Evacuation Pause)
Event: 0.335 Executing VM operation: G1CollectForAllocation (G1 Evacuation Pause) done
Event: 0.368 Executing VM operation: HandshakeAllThreads (Deoptimize)
Event: 0.368 Executing VM operation: HandshakeAllThreads (Deoptimize) done

Events (15 events):
Event: 0.015 Thread 0x0000025828ffeda0 Thread added: 0x0000025828ffeda0
Event: 0.023 Thread 0x00000258481710e0 Thread added: 0x00000258481710e0
Event: 0.023 Thread 0x0000025848172000 Thread added: 0x0000025848172000
Event: 0.023 Thread 0x0000025848177030 Thread added: 0x0000025848177030
Event: 0.023 Thread 0x000002584817a4c0 Thread added: 0x000002584817a4c0
Event: 0.023 Thread 0x000002584817ab50 Thread added: 0x000002584817ab50
Event: 0.023 Thread 0x0000025848177d60 Thread added: 0x0000025848177d60
Event: 0.023 Thread 0x00000258481a6b90 Thread added: 0x00000258481a6b90
Event: 0.023 Thread 0x00000258481abf70 Thread added: 0x00000258481abf70
Event: 0.040 Thread 0x000002584817b1e0 Thread added: 0x000002584817b1e0
Event: 0.111 Thread 0x00000258481783f0 Thread added: 0x00000258481783f0
Event: 0.153 Thread 0x0000025848178a80 Thread added: 0x0000025848178a80
Event: 0.217 Thread 0x00000258481aab00 Thread added: 0x00000258481aab00
Event: 0.250 Thread 0x0000025848179110 Thread added: 0x0000025848179110
Event: 0.354 Thread 0x00000258481acd10 Thread added: 0x00000258481acd10


Dynamic libraries:
0x00007ff799670000 - 0x00007ff799680000 	C:\Program Files\Java\jdk-21\bin\javaw.exe
0x00007ffbde770000 - 0x00007ffbde968000 	C:\Windows\SYSTEM32\ntdll.dll
0x00007ffbddad0000 - 0x00007ffbddb8d000 	C:\Windows\System32\KERNEL32.DLL
0x00007ffbdbf50000 - 0x00007ffbdc246000 	C:\Windows\System32\KERNELBASE.dll
0x00007ffbdc370000 - 0x00007ffbdc470000 	C:\Windows\System32\ucrtbase.dll
0x00007ffbcba20000 - 0x00007ffbcba39000 	C:\Program Files\Java\jdk-21\bin\jli.dll
0x00007ffbcba00000 - 0x00007ffbcba1b000 	C:\Program Files\Java\jdk-21\bin\VCRUNTIME140.dll
0x00007ffbddc30000 - 0x00007ffbddce0000 	C:\Windows\System32\ADVAPI32.dll
0x00007ffbdc7b0000 - 0x00007ffbdc84e000 	C:\Windows\System32\msvcrt.dll
0x00007ffbddb90000 - 0x00007ffbddc30000 	C:\Windows\System32\sechost.dll
0x00007ffbdca10000 - 0x00007ffbdcb33000 	C:\Windows\System32\RPCRT4.dll
0x00007ffbdc470000 - 0x00007ffbdc497000 	C:\Windows\System32\bcrypt.dll
0x00007ffbddd40000 - 0x00007ffbddedf000 	C:\Windows\System32\USER32.dll
0x00007ffbdc2f0000 - 0x00007ffbdc312000 	C:\Windows\System32\win32u.dll
0x00007ffbddce0000 - 0x00007ffbddd0b000 	C:\Windows\System32\GDI32.dll
0x00007ffbdbe30000 - 0x00007ffbdbf47000 	C:\Windows\System32\gdi32full.dll
0x00007ffbdc250000 - 0x00007ffbdc2ed000 	C:\Windows\System32\msvcp_win.dll
0x00007ffbd4500000 - 0x00007ffbd450a000 	C:\Windows\SYSTEM32\VERSION.dll
0x00007ffbc7690000 - 0x00007ffbc792a000 	C:\Windows\WinSxS\amd64_microsoft.windows.common-controls_6595b64144ccf1df_6.0.19041.4355_none_60b8b9eb71f62e16\COMCTL32.dll
0x00007ffbddd10000 - 0x00007ffbddd3f000 	C:\Windows\System32\IMM32.DLL
0x00007ffbd87b0000 - 0x00007ffbd87bc000 	C:\Program Files\Java\jdk-21\bin\vcruntime140_1.dll
0x00007ffbc7c00000 - 0x00007ffbc7c8e000 	C:\Program Files\Java\jdk-21\bin\msvcp140.dll
0x00007ffb2fa80000 - 0x00007ffb30795000 	C:\Program Files\Java\jdk-21\bin\server\jvm.dll
0x00007ffbdd050000 - 0x00007ffbdd0bb000 	C:\Windows\System32\WS2_32.dll
0x00007ffbdb3b0000 - 0x00007ffbdb3fb000 	C:\Windows\SYSTEM32\POWRPROF.dll
0x00007ffbd3480000 - 0x00007ffbd34a7000 	C:\Windows\SYSTEM32\WINMM.dll
0x00007ffbdb220000 - 0x00007ffbdb232000 	C:\Windows\SYSTEM32\UMPDC.dll
0x00007ffbd9cd0000 - 0x00007ffbd9ce2000 	C:\Windows\SYSTEM32\kernel.appcore.dll
0x00007ffbd5e90000 - 0x00007ffbd5e9a000 	C:\Program Files\Java\jdk-21\bin\jimage.dll
0x00007ffbc85f0000 - 0x00007ffbc87d4000 	C:\Windows\SYSTEM32\DBGHELP.DLL
0x00007ffbc29a0000 - 0x00007ffbc29d4000 	C:\Windows\SYSTEM32\dbgcore.DLL
0x00007ffbdc510000 - 0x00007ffbdc592000 	C:\Windows\System32\bcryptPrimitives.dll
0x00007ffbd87a0000 - 0x00007ffbd87af000 	C:\Program Files\Java\jdk-21\bin\instrument.dll
0x00007ffbaf000000 - 0x00007ffbaf01f000 	C:\Program Files\Java\jdk-21\bin\java.dll
0x00007ffbdd2b0000 - 0x00007ffbdda1c000 	C:\Windows\System32\SHELL32.dll
0x00007ffbd9ed0000 - 0x00007ffbda66d000 	C:\Windows\SYSTEM32\windows.storage.dll
0x00007ffbddee0000 - 0x00007ffbde233000 	C:\Windows\System32\combase.dll
0x00007ffbdb850000 - 0x00007ffbdb87e000 	C:\Windows\SYSTEM32\Wldp.dll
0x00007ffbdcb40000 - 0x00007ffbdcc0d000 	C:\Windows\System32\OLEAUT32.dll
0x00007ffbdda20000 - 0x00007ffbddacd000 	C:\Windows\System32\SHCORE.dll
0x00007ffbdc850000 - 0x00007ffbdc8a5000 	C:\Windows\System32\shlwapi.dll
0x00007ffbdbd60000 - 0x00007ffbdbd84000 	C:\Windows\SYSTEM32\profapi.dll
0x00007ffb61b60000 - 0x00007ffb61c37000 	C:\Program Files\Java\jdk-21\bin\jsvml.dll
0x00007ffb631b0000 - 0x00007ffb631c8000 	C:\Program Files\Java\jdk-21\bin\zip.dll
0x00007ffbc60b0000 - 0x00007ffbc60c0000 	C:\Program Files\Java\jdk-21\bin\net.dll
0x00007ffbd3590000 - 0x00007ffbd369a000 	C:\Windows\SYSTEM32\WINHTTP.dll
0x00007ffbdb5b0000 - 0x00007ffbdb61a000 	C:\Windows\system32\mswsock.dll
0x00007ffb67440000 - 0x00007ffb67456000 	C:\Program Files\Java\jdk-21\bin\nio.dll
0x00007ffbd8750000 - 0x00007ffbd8760000 	C:\Program Files\Java\jdk-21\bin\verify.dll
0x00007ffbb35c0000 - 0x00007ffbb35d7000 	C:\Windows\system32\napinsp.dll
0x00007ffbb35a0000 - 0x00007ffbb35bb000 	C:\Windows\system32\pnrpnsp.dll
0x00007ffbd8850000 - 0x00007ffbd8865000 	C:\Windows\system32\wshbth.dll
0x00007ffbd63e0000 - 0x00007ffbd63fd000 	C:\Windows\system32\NLAapi.dll
0x00007ffbdb240000 - 0x00007ffbdb27b000 	C:\Windows\SYSTEM32\IPHLPAPI.DLL
0x00007ffbdb280000 - 0x00007ffbdb34a000 	C:\Windows\SYSTEM32\DNSAPI.dll
0x00007ffbdc8b0000 - 0x00007ffbdc8b8000 	C:\Windows\System32\NSI.dll
0x00007ffbb3580000 - 0x00007ffbb3592000 	C:\Windows\System32\winrnr.dll
0x00007ffbd4220000 - 0x00007ffbd422a000 	C:\Windows\System32\rasadhlp.dll
0x00007ffbc6fa0000 - 0x00007ffbc7020000 	C:\Windows\System32\fwpuclnt.dll
0x00007ffbaeff0000 - 0x00007ffbaeff7000 	C:\Program Files\Java\jdk-21\bin\extnet.dll

dbghelp: loaded successfully - version: 4.0.5 - missing functions: none
symbol engine: initialized successfully - sym options: 0x614 - pdb path: .;C:\Program Files\Java\jdk-21\bin;C:\Windows\SYSTEM32;C:\Windows\WinSxS\amd64_microsoft.windows.common-controls_6595b64144ccf1df_6.0.19041.4355_none_60b8b9eb71f62e16;C:\Program Files\Java\jdk-21\bin\server

VM Arguments:
jvm_args: -javaagent:C:\Users\ROBERTO-SN850\eclipse\java-2024-032\eclipse\configuration\org.eclipse.osgi\483\0\.cp\jacocoagent.jar=includes=*,excludes=,exclclassloader=sun.reflect.DelegatingClassLoader,output=tcpclient,port=56767 -ea -Dfile.encoding=UTF-8 -Dstdout.encoding=UTF-8 -Dstderr.encoding=UTF-8 -XX:+ShowCodeDetailsInExceptionMessages 
java_command: org.eclipse.jdt.internal.junit.runner.RemoteTestRunner -version 3 -port 56768 -testLoaderClass org.eclipse.jdt.internal.junit5.runner.JUnit5TestLoader -loaderpluginname org.eclipse.jdt.junit5.runtime -classNames cursoED.semana12.SplayTreeTest
java_class_path (initial): C:\Users\ROBERTO-SN850\eclipse-workspace\cursoED\bin;C:\Users\ROBERTO-SN850\.p2\pool\plugins\junit-jupiter-api_5.10.2.jar;C:\Users\ROBERTO-SN850\.p2\pool\plugins\junit-jupiter-engine_5.10.2.jar;C:\Users\ROBERTO-SN850\.p2\pool\plugins\junit-jupiter-migrationsupport_5.10.2.jar;C:\Users\ROBERTO-SN850\.p2\pool\plugins\junit-jupiter-params_5.10.2.jar;C:\Users\ROBERTO-SN850\.p2\pool\plugins\junit-platform-commons_1.10.2.jar;C:\Users\ROBERTO-SN850\.p2\pool\plugins\junit-platform-engine_1.10.2.jar;C:\Users\ROBERTO-SN850\.p2\pool\plugins\junit-platform-launcher_1.10.2.jar;C:\Users\ROBERTO-SN850\.p2\pool\plugins\junit-platform-runner_1.10.2.jar;C:\Users\ROBERTO-SN850\.p2\pool\plugins\junit-platform-suite-api_1.10.2.jar;C:\Users\ROBERTO-SN850\.p2\pool\plugins\junit-platform-suite-engine_1.10.2.jar;C:\Users\ROBERTO-SN850\.p2\pool\plugins\junit-platform-suite-commons_1.10.2.jar;C:\Users\ROBERTO-SN850\.p2\pool\plugins\junit-vintage-engine_5.10.2.jar;C:\Users\ROBERTO-SN850\.p2\pool\plugins\org.opentest4j_1.3.0.jar;C:\Users\ROBERTO-SN850\.p2\pool\plugins\org.apiguardian.api_1.1.2.jar;C:\Users\ROBERTO-SN850\.p2\pool\plugins\org.junit_4.13.2.v20230809-1000.jar;C:\Users\ROBERTO-SN850\.p2\pool\plugins\org.hamcrest_2.2.0.jar;C:\Users\ROBERTO-SN850\.p2\pool\plugins\org.hamcrest.core_2.2.0.v20230809-1000.jar;C:\Users\ROBERTO-SN850\eclipse\java-2024-032\eclipse\configuration\org.eclipse.osgi\250\0\.cp;C:\Users\ROBERTO-SN850\eclipse\java-2024-032\eclipse\configuration\org.eclipse.osgi\248\0\.cp
Launcher Type: SUN_STANDARD

[Global flags]
     intx CICompilerCount                          = 4                                         {product} {ergonomic}
     uint ConcGCThreads                            = 2                                         {product} {ergonomic}
     uint G1ConcRefinementThreads                  = 8                                         {product} {ergonomic}
   size_t G1HeapRegionSize                         = 2097152                                   {product} {ergonomic}
    uintx GCDrainStackTargetSize                   = 64                                        {product} {ergonomic}
   size_t InitialHeapSize                          = 268435456                                 {product} {ergonomic}
   size_t MarkStackSize                            = 4194304                                   {product} {ergonomic}
   size_t MaxHeapSize                              = 4273995776                                {product} {ergonomic}
   size_t MaxNewSize                               = 2562719744                                {product} {ergonomic}
   size_t MinHeapDeltaBytes                        = 2097152                                   {product} {ergonomic}
   size_t MinHeapSize                              = 8388608                                   {product} {ergonomic}
    uintx NonNMethodCodeHeapSize                   = 5839372                                {pd product} {ergonomic}
    uintx NonProfiledCodeHeapSize                  = 122909434                              {pd product} {ergonomic}
    uintx ProfiledCodeHeapSize                     = 122909434                              {pd product} {ergonomic}
    uintx ReservedCodeCacheSize                    = 251658240                              {pd product} {ergonomic}
     bool SegmentedCodeCache                       = true                                      {product} {ergonomic}
     bool ShowCodeDetailsInExceptionMessages       = true                                   {manageable} {command line}
   size_t SoftMaxHeapSize                          = 4273995776                             {manageable} {ergonomic}
     bool UseCompressedOops                        = true                           {product lp64_product} {ergonomic}
     bool UseG1GC                                  = true                                      {product} {ergonomic}
     bool UseLargePagesIndividualAllocation        = false                                  {pd product} {ergonomic}

Logging:
Log output configuration:
 #0: stdout all=warning uptime,level,tags foldmultilines=false
 #1: stderr all=off uptime,level,tags foldmultilines=false

Environment Variables:
PATH=C:\Program Files\Common Files\Oracle\Java\javapath;C:\Windows\system32;C:\Windows;C:\Windows\System32\Wbem;C:\Windows\System32\WindowsPowerShell\v1.0\;C:\Windows\System32\OpenSSH\;C:\Program Files (x86)\NVIDIA Corporation\PhysX\Common;C:\Program Files\NVIDIA Corporation\NVIDIA NvDLISR;C:\Program Files\Polyspace\R2021a\bin;C:\Program Files\dotnet\;C:\Program Files\Git\cmd;C:\Users\ROBERTO-SN850\AppData\Local\Microsoft\WindowsApps;C:\Users\ROBERTO-SN850\AppData\Local\Programs\Microsoft VS Code\bin;C:\ProgramData\ROBERTO-SN850\GitHubDesktop\bin;C:\AppServ\Apache24\bin;C:\AppServ\php7;C:\AppServ\MySQL\bin
USERNAME=ROBERTO-SN850
OS=Windows_NT
PROCESSOR_IDENTIFIER=Intel64 Family 6 Model 158 Stepping 13, GenuineIntel
TMP=C:\Users\ROBERT~1\AppData\Local\Temp
TEMP=C:\Users\ROBERT~1\AppData\Local\Temp




Periodic native trim disabled

---------------  S Y S T E M  ---------------

OS:
 Windows 10 , 64 bit Build 19041 (10.0.19041.3636)
OS uptime: 0 days 3:27 hours

CPU: total 8 (initial active 8) (8 cores per cpu, 1 threads per core) family 6 model 158 stepping 13 microcode 0xb8, cx8, cmov, fxsr, mmx, 3dnowpref, sse, sse2, sse3, ssse3, sse4.1, sse4.2, popcnt, lzcnt, tsc, tscinvbit, avx, avx2, aes, erms, clmul, bmi1, bmi2, rtm, adx, fma, vzeroupper, clflush, clflushopt, rdtscp, f16c
Processor Information for all 8 processors :
  Max Mhz: 3600, Current Mhz: 3600, Mhz Limit: 3600

Memory: 4k page, system-wide physical 16299M (7348M free)
TotalPageFile size 18731M (AvailPageFile size 5161M)
current process WorkingSet (physical memory assigned to process): 94M, peak: 94M
current process commit charge ("private bytes"): 370M, peak: 371M

vm_info: Java HotSpot(TM) 64-Bit Server VM (21.0.1+12-LTS-29) for windows-amd64 JRE (21.0.1+12-LTS-29), built on 2023-10-05T13:27:09Z by "mach5one" with MS VC++ 17.1 (VS2022)

END.
